MPASM  5.51                            MP.ASM   11-27-2020  23:27:02         PAGE  1


LOC  OBJECT CODE     LINE SOURCE TEXT
  VALUE

                      00001 ;^^^^^^^^^^^^^^^^^^^^^^^^^^^^^^^^^^^^^^^^^^^^^^^^^^^^^^^^^^^^^^^^^^^^^^^^^^^^^^^^^^^^^^^^^^^^^^^^^^^^^^^
                      00002                         include<p18f4550.inc>
                      00001         LIST
                      00002 
                      00003 ;==========================================================================
                      00004 ;  MPASM PIC18F4550 processor include
                      00005 ; 
                      00006 ;  (c) Copyright 1999-2013 Microchip Technology, All rights reserved
                      00007 ;==========================================================================
                      00008 
                      01764         LIST
                      00003 
  00000000            00004 loop_cnt1 set 0x00
  00000001            00005 loop_cnt2 set 0x01
                      00006 
                      00007                         org 0x00
000000 EF?? F???      00008                         goto start
                      00009                         org 0x08
000008 0010           00010                         retfie
                      00011                         org 0x18
000018 0010           00012                         retfie
                      00013 
                      00014 ;^^^^^^^^^^^^^^^^^^^^^^^^^^^^^^^^^^^^^^^^^^^^^^^^^^^^^^^^^^^^^^^^^^^^^^^^^^^^^^^^^^^^^^^^^^^^^^^^^^^^^^^
                            ^^^
                      00015 ; Delay Function (10ms)
                      00016 
                      00017 dup_nop                 macro yy
                      00018                                 variable i
                      00019 i = 0           
                      00020                                 while i < yy
                      00021                                 nop
                      00022 i += 1
                      00023                                 endw
                      00024                                 endm
                      00025 
00001A 0E14           00026 Delay                   movlw   D'20'
00001C 6E01           00027                                 movwf   loop_cnt2, A
00001E 0EFA           00028 Again                   movlw   D'250'
000020 6E00           00029                                 movwf   loop_cnt1, A
                      00030 Again1                  dup_nop D'17'
  0000                    M                                 variable i
  00000000                M i = 0           
                          M                                 while i < D'17'
000022 0000               M                                 nop
  00000001                M i += 1
000024 0000               M                                 nop
  00000002                M i += 1
000026 0000               M                                 nop
  00000003                M i += 1
000028 0000               M                                 nop
  00000004                M i += 1
00002A 0000               M                                 nop
  00000005                M i += 1
MPASM  5.51                            MP.ASM   11-27-2020  23:27:02         PAGE  2


LOC  OBJECT CODE     LINE SOURCE TEXT
  VALUE

00002C 0000               M                                 nop
  00000006                M i += 1
00002E 0000               M                                 nop
  00000007                M i += 1
000030 0000               M                                 nop
  00000008                M i += 1
000032 0000               M                                 nop
  00000009                M i += 1
000034 0000               M                                 nop
  0000000A                M i += 1
000036 0000               M                                 nop
  0000000B                M i += 1
000038 0000               M                                 nop
  0000000C                M i += 1
00003A 0000               M                                 nop
  0000000D                M i += 1
00003C 0000               M                                 nop
  0000000E                M i += 1
00003E 0000               M                                 nop
  0000000F                M i += 1
000040 0000               M                                 nop
  00000010                M i += 1
000042 0000               M                                 nop
  00000011                M i += 1
                          M                                 endw
000044 2E00           00031                                 Decfsz  loop_cnt1, F, A
000046 D???           00032                                 Bra             Again1
000048 2E01           00033                                 Decfsz  loop_cnt2, F, A
00004A D???           00034                                 Bra     Again
                      00035 
00004C 0000           00036                                 nop
00004E 0012           00037                                 return
                      00038 
                      00039 ;^^^^^^^^^^^^^^^^^^^^^^^^^^^^^^^^^^^^^^^^^^^^^^^^^^^^^^^^^^^^^^^^^^^^^^^^^^^^^^^^^^^^^^^^^^^^^^^^^^^^^^^
                            ^^^^
                      00040 ;Configuration of Command & Data
                      00041 
                      00042 
000050 9882           00043 ConfiCom                bcf     PORTC,4,A               ;RS = 0
000052 9A82           00044                                 bcf             PORTC,5,A               ;RW = 0
000054 8C82           00045                                 bsf     PORTC,6,A               ;EN = 1
000056 EC?? F???      00046                                 call    Delay                   ;DELAY for 10ms
00005A 9C82           00047                                 bcf             PORTC,6,A               ;EN = 0
00005C 0012           00048                                 return
                      00049 
00005E 8882           00050 SendData                bsf             PORTC,4,A               ;RS = 1
000060 9A82           00051                                 bcf             PORTC,5,A               ;RW = 0
000062 8C82           00052                                 bsf             PORTC,6,A               ;EN = 1
000064 EC?? F???      00053                                 call    Delay                   ;DELAY for 10ms
000068 9C82           00054                                 bcf             PORTC,6,A               ;EN = 0
00006A 0012           00055                                 return
                      00056 
                      00057 ;^^^^^^^^^^^^^^^^^^^^^^^^^^^^^^^^^^^^^^^^^^^^^^^^^^^^^^^^^^^^^^^^^^^^^^^^^^^^^^^^^^^^^^^^^^^^^^^^^^^^^^^
MPASM  5.51                            MP.ASM   11-27-2020  23:27:02         PAGE  3


LOC  OBJECT CODE     LINE SOURCE TEXT
  VALUE

                            ^^^^
                      00058 ;Subroutine to display my name
                      00059 
00006C 0E59           00060 YWY                             movlw    D'89'                  ;Y
00006E 6E83           00061                                 movwf   PORTD, A
000070 EC?? F???      00062                                 call    SendData
                      00063                                 
000074 0E45           00064                                 movlw    D'69'                  ;E
000076 6E83           00065                                 movwf   PORTD, A
000078 EC?? F???      00066                                 call    SendData
                      00067 
00007C 0E45           00068                                 movlw    D'69'                  ;E
00007E 6E83           00069                                 movwf   PORTD, A
000080 EC?? F???      00070                                 call    SendData
                      00071 
000084 0E08           00072                                 movlw    D'08'                  ;Space
000086 6E83           00073                                 movwf   PORTD, A
000088 EC?? F???      00074                                 call    SendData
                      00075                                 
00008C 0E57           00076                                 movlw    D'87'                  ;W
00008E 6E83           00077                                 movwf   PORTD, A
000090 EC?? F???      00078                                 call    SendData
                      00079 
000094 0E45           00080                                 movlw    D'69'                  ;E
000096 6E83           00081                                 movwf   PORTD, A
000098 EC?? F???      00082                                 call    SendData
                      00083                                 
00009C 0E49           00084                                 movlw    D'73'                  ;I
00009E 6E83           00085                                 movwf   PORTD, A
0000A0 EC?? F???      00086                                 call    SendData
                      00087 
0000A4 0E08           00088                                 movlw    D'08'                  ;Space
0000A6 6E83           00089                                 movwf   PORTD, A
0000A8 EC?? F???      00090                                 call    SendData
                      00091 
0000AC 0E59           00092                                 movlw    D'89'                  ;Y
0000AE 6E83           00093                                 movwf   PORTD, A
0000B0 EC?? F???      00094                                 call    SendData
                      00095                                 
0000B4 0E49           00096                                 movlw    D'73'                  ;I
0000B6 6E83           00097                                 movwf   PORTD, A
0000B8 EC?? F???      00098                                 call    SendData
                      00099                                 
0000BC 0E4E           00100                                 movlw    D'78'                  ;N
0000BE 6E83           00101                                 movwf   PORTD, A
0000C0 EC?? F???      00102                                 call    SendData
                      00103                                 
0000C4 0E47           00104                                 movlw    D'71'                  ;G
0000C6 6E83           00105                                 movwf   PORTD, A
0000C8 EC?? F???      00106                                 call    SendData
                      00107                                 
0000CC D???           00108                                 Bra             Check1
                      00109 
MPASM  5.51                            MP.ASM   11-27-2020  23:27:02         PAGE  4


LOC  OBJECT CODE     LINE SOURCE TEXT
  VALUE

                      00110 ;^^^^^^^^^^^^^^^^^^^^^^^^^^^^^^^^^^^^^^^^^^^^^^^^^^^^^^^^^^^^^^^^^^^^^^^^^^^^^^^^^^^^^^^^^^^^^^^^^^^^^^^
                            ^^^^
                      00111 ;Subroutine to display my student id
                      00112 
0000CE 0E44           00113 YWYSI                   movlw    D'68'                  ;D
0000D0 6E83           00114                                 movwf   PORTD, A
0000D2 EC?? F???      00115                                 call    SendData
                      00116                                 
0000D6 0E45           00117                                 movlw    D'69'                  ;E
0000D8 6E83           00118                                 movwf   PORTD, A
0000DA EC?? F???      00119                                 call    SendData
                      00120                                 
0000DE 0E39           00121                                 movlw    D'57'                  ;9
0000E0 6E83           00122                                 movwf   PORTD, A
0000E2 EC?? F???      00123                                 call    SendData
                      00124                                 
0000E6 0E37           00125                                 movlw    D'55'                  ;7
0000E8 6E83           00126                                 movwf   PORTD, A
0000EA EC?? F???      00127                                 call    SendData
                      00128                                 
0000EE 0E32           00129                                 movlw    D'50'                  ;2
0000F0 6E83           00130                                 movwf   PORTD, A
0000F2 EC?? F???      00131                                 call    SendData
                      00132 
0000F6 0E39           00133                                 movlw    D'57'                  ;9
0000F8 6E83           00134                                 movwf   PORTD, A
0000FA EC?? F???      00135                                 call    SendData
                      00136 
0000FE 0E34           00137                                 movlw    D'52'                  ;4
000100 6E83           00138                                 movwf   PORTD, A
000102 EC?? F???      00139                                 call    SendData
                      00140                                 
000106 D???           00141                                 Bra     Check2
                      00142 
                      00143 ;^^^^^^^^^^^^^^^^^^^^^^^^^^^^^^^^^^^^^^^^^^^^^^^^^^^^^^^^^^^^^^^^^^^^^^^^^^^^^^^^^^^^^^^^
                      00144 
                      00145 ;^^^^^^^^^^^^^^^^^^^^^^^^^^^^^^^^^^^^^^^^^^^^^^^^^^^^^^^^^^^^^^^^^^^^^^^^^^^^^^^^^^^^^^^^^^^^^^^^^^
                      00146 ;Subroutines for Keypad Buttons
                      00147 
000108 0EC0           00148 Number1                 movlw   0xC0                    ;Force to display on 2nd row                    
                                            
00010A 6E83           00149                                 movwf   PORTD, A
00010C EC?? F???      00150                                 call    ConfiCom
000110 0E31           00151                                 movlw   D'49'                   ;Display 1
000112 6E83           00152                                 movwf   PORTD, A
000114 EC?? F???      00153                                 call    SendData
000118 D???           00154                                 Bra             Check1
00011A 0012           00155                                 return
                      00156                         
                      00157 
00011C 0EC0           00158 Number2                 movlw   0xC0                    ;Force to display on 2nd row                    
                                            
00011E 6E83           00159                                 movwf   PORTD, A
MPASM  5.51                            MP.ASM   11-27-2020  23:27:02         PAGE  5


LOC  OBJECT CODE     LINE SOURCE TEXT
  VALUE

000120 EC?? F???      00160                                 call    ConfiCom
000124 0E32           00161                                 movlw   D'50'                   ;Display 2
000126 6E83           00162                                 movwf   PORTD, A
000128 EC?? F???      00163                                 call    SendData
00012C D???           00164                                 Bra             Check1
00012E 0012           00165                                 return
                      00166                                 
                      00167         
000130 0EC0           00168 Number3                 movlw   0xC0                    ;Force to display on 2nd row                    
                                            
000132 6E83           00169                                 movwf   PORTD, A
000134 EC?? F???      00170                                 call    ConfiCom
000138 0E33           00171                                 movlw   D'51'                   ;Display 3
00013A 6E83           00172                                 movwf   PORTD, A
00013C EC?? F???      00173                                 call    SendData
000140 D???           00174                                 Bra             Check1
000142 0012           00175                                 return                          
                      00176 
000144 0EC0           00177 Number4                 movlw   0xC0                    ;Force to display on 2nd row                    
                                            
000146 6E83           00178                                 movwf   PORTD, A
000148 EC?? F???      00179                                 call    ConfiCom
00014C 0E34           00180                                 movlw   D'52'                   ;Display 4
00014E 6E83           00181                                 movwf   PORTD, A
000150 EC?? F???      00182                                 call    SendData
000154 D???           00183                                 Bra             Check1
000156 0012           00184                                 return
                      00185 
000158 0EC0           00186 Number5                 movlw   0xC0                    ;Force to display on 2nd row                    
                                            
00015A 6E83           00187                                 movwf   PORTD, A
00015C EC?? F???      00188                                 call    ConfiCom
000160 0E35           00189                                 movlw   D'53'                   ;Display 5
000162 6E83           00190                                 movwf   PORTD, A
000164 EC?? F???      00191                                 call    SendData
000168 D???           00192                                 Bra             Check1
00016A 0012           00193                                 return
                      00194 
00016C 0EC0           00195 Number6                 movlw   0xC0                    ;Force to display on 2nd row                    
                                            
00016E 6E83           00196                                 movwf   PORTD, A
000170 EC?? F???      00197                                 call    ConfiCom
000174 0E36           00198                                 movlw   D'54'                   ;Display 6
000176 6E83           00199                                 movwf   PORTD, A
000178 EC?? F???      00200                                 call    SendData
00017C D???           00201                                 Bra             Check1
00017E 0012           00202                                 return
                      00203 
000180 0EC0           00204 Number7                 movlw   0xC0                    ;Force to display on 2nd row                    
                                            
000182 6E83           00205                                 movwf   PORTD, A
000184 EC?? F???      00206                                 call    ConfiCom
000188 0E37           00207                                 movlw   D'55'                   ;Display 7
MPASM  5.51                            MP.ASM   11-27-2020  23:27:02         PAGE  6


LOC  OBJECT CODE     LINE SOURCE TEXT
  VALUE

00018A 6E83           00208                                 movwf   PORTD, A
00018C EC?? F???      00209                                 call    SendData
000190 D???           00210                                 Bra             Check1
000192 0012           00211                                 return
                      00212 
000194 0EC0           00213 Number8                 movlw   0xC0                    ;Force to display on 2nd row                    
                                            
000196 6E83           00214                                 movwf   PORTD, A
000198 EC?? F???      00215                                 call    ConfiCom
00019C 0E38           00216                                 movlw   D'56'                   ;Display 8
00019E 6E83           00217                                 movwf   PORTD, A
0001A0 EC?? F???      00218                                 call    SendData
0001A4 D???           00219                                 Bra             Check1
0001A6 0012           00220                                 return
                      00221 
0001A8 0EC0           00222 Number9                 movlw   0xC0                    ;Force to display on 2nd row                    
                                            
0001AA 6E83           00223                                 movwf   PORTD, A
0001AC EC?? F???      00224                                 call    ConfiCom
0001B0 0E39           00225                                 movlw   D'57'                   ;Display 9
0001B2 6E83           00226                                 movwf   PORTD, A
0001B4 EC?? F???      00227                                 call    SendData
0001B8 D???           00228                                 Bra             Check1
0001BA 0012           00229                                 return
                      00230 
0001BC 0EC0           00231 Number0                 movlw   0xC0                    ;Force to display on 2nd row                    
                                            
0001BE 6E83           00232                                 movwf   PORTD, A
0001C0 EC?? F???      00233                                 call    ConfiCom
0001C4 0E30           00234                                 movlw   D'48'                   ;Display 0
0001C6 6E83           00235                                 movwf   PORTD, A
0001C8 EC?? F???      00236                                 call    SendData
0001CC D???           00237                                 Bra             Check1
0001CE 0012           00238                                 return
                      00239         
0001D0 0EC0           00240 Asterisk                movlw   0xC0                    ;Force to display on 2nd row                    
                                            
0001D2 6E83           00241                                 movwf   PORTD, A
0001D4 EC?? F???      00242                                 call    ConfiCom
0001D8 0E2A           00243                                 movlw   D'42'                   ;Display *
0001DA 6E83           00244                                 movwf   PORTD, A
0001DC EC?? F???      00245                                 call    SendData
0001E0 D???           00246                                 Bra             Check1
0001E2 0012           00247                                 return
                      00248 
0001E4 0EC0           00249 Hashtag                 movlw   0xC0                    ;Force to display on 2nd row                    
                                            
0001E6 6E83           00250                                 movwf   PORTD, A
0001E8 EC?? F???      00251                                 call    ConfiCom
0001EC 0E23           00252                                 movlw   D'35'                   ;Display #
0001EE 6E83           00253                                 movwf   PORTD, A
0001F0 EC?? F???      00254                                 call    SendData
0001F4 D???           00255                                 Bra             Check1
MPASM  5.51                            MP.ASM   11-27-2020  23:27:02         PAGE  7


LOC  OBJECT CODE     LINE SOURCE TEXT
  VALUE

0001F6 0012           00256                                 return
                      00257 
                      00258 ;^^^^^^^^^^^^^^^^^^^^^^^^^^^^^^^^^^^^^^^^^^^^^^^^^^^^^^^^^^^^^^^^^^^^^^^^^^^^^^^^^^^^^^^^^^^^^^^
                      00259 ;Main Program
                      00260 
0001F8 6A94           00261 start                   clrf    TRISC, A
0001FA 6A95           00262                                 clrf    TRISD, A
0001FC 6893           00263                                 setf    TRISB, A
0001FE 9093           00264                                 bcf             TRISB, 0, A
000200 9293           00265                                 bcf             TRISB, 1, A
000202 9493           00266                                 bcf             TRISB, 2, A
000204 9693           00267                                 bcf             TRISB, 3, A
000206 9893           00268                                 bcf             TRISB, 4, A
000208 9A93           00269                                 bcf             TRISB, 5, A
00020A 9C93           00270                                 bcf             TRISB, 6, A
00020C 9E93           00271                                 bcf             TRISB, 7, A
                      00272         
                      00273                                                         
00020E 0E38           00274                                 movlw   0x38                    ;Configure 2 lines and 5x7 matrix
000210 6E83           00275                                 movwf   PORTD, A
000212 EC?? F???      00276                                 call    ConfiCom
                      00277 
000216 0E0F           00278                                 movlw   0x0F                    ;Display on, cursor blinks
000218 6E83           00279                                 movwf   PORTD, A
00021A EC?? F???      00280                                 call    ConfiCom
                      00281                                 
00021E 0E01           00282                                 movlw   0x01                    ;Clear Screen
000220 6E83           00283                                 movwf   PORTD, A
000222 EC?? F???      00284                                 call    ConfiCom
                      00285 
000226 0E80           00286                                 movlw   0x80                    ;Force to begin on 1st line
000228 6E83           00287                                 movwf   PORTD, A
00022A EC?? F???      00288                                 call    ConfiCom
                      00289 
                      00290 
00022E B080           00291 Check1                  btfsc   PORTA, 0, A
000230 D???           00292                                 Bra             YWY
000232 EC?? F???      00293                                 call    Check1
000236 B280           00294 Check2                  btfsc   PORTA, 1, A
000238 D???           00295                                 Bra             YWYSI
00023A EC?? F???      00296                                 call    Check2
                      00297 
00023E 6A81           00298 Keypad1                 clrf    PORTB, A
000240 8081           00299                                 bsf             PORTB, 0, A
000242 B881           00300                                 btfsc   PORTB, 4, A
000244 D???           00301                                 Bra             Number1
000246 6A83           00302                                 clrf    PORTD, A
                      00303 
000248 6A81           00304 Keypad2                 clrf    PORTB, A
00024A 8081           00305                                 bsf             PORTB, 0, A
00024C BA81           00306                                 btfsc   PORTB, 5, A
00024E D???           00307                                 Bra             Number2
000250 6A83           00308                                 clrf    PORTD, A
MPASM  5.51                            MP.ASM   11-27-2020  23:27:02         PAGE  8


LOC  OBJECT CODE     LINE SOURCE TEXT
  VALUE

                      00309 
000252 6A81           00310 Keypad3                 clrf    PORTB, A
000254 8081           00311                                 bsf             PORTB, 0, A
000256 BC81           00312                                 btfsc   PORTB, 6, A
000258 D???           00313                                 Bra             Number3
00025A 6A83           00314                                 clrf    PORTD, A
                      00315 
00025C 6A81           00316 Keypad4                 clrf    PORTB, A
00025E 8281           00317                                 bsf             PORTB, 1, A
000260 B881           00318                                 btfsc   PORTB, 4, A
000262 D???           00319                                 Bra             Number4
000264 6A83           00320                                 clrf    PORTD, A
                      00321 
000266 6A81           00322 Keypad5                 clrf    PORTB, A
000268 8281           00323                                 bsf             PORTB, 1, A
00026A BA81           00324                                 btfsc   PORTB, 5, A
00026C D???           00325                                 Bra             Number5
00026E 6A83           00326                                 clrf    PORTD, A
                      00327 
000270 6A81           00328 Keypad6                 clrf    PORTB, A
000272 8281           00329                                 bsf             PORTB, 1, A
000274 BC81           00330                                 btfsc   PORTB, 6, A
000276 D???           00331                                 Bra             Number6
000278 6A83           00332                                 clrf    PORTD, A
                      00333 
00027A 6A81           00334 Keypad7                 clrf    PORTB, A
00027C 8481           00335                                 bsf             PORTB, 2, A
00027E B881           00336                                 btfsc   PORTB, 4, A
000280 D???           00337                                 Bra             Number7
000282 6A83           00338                                 clrf    PORTD, A
                      00339 
000284 6A81           00340 Keypad8                 clrf    PORTB, A
000286 8481           00341                                 bsf             PORTB, 2, A
000288 BA81           00342                                 btfsc   PORTB, 5, A
00028A D???           00343                                 Bra             Number8
00028C 6A83           00344                                 clrf    PORTD, A
                      00345 
00028E 6A81           00346 Keypad9                 clrf    PORTB, A
000290 8481           00347                                 bsf             PORTB, 2, A
000292 BC81           00348                                 btfsc   PORTB, 6, A
000294 D???           00349                                 Bra             Number9
000296 6A83           00350                                 clrf    PORTD, A
                      00351 
000298 6A81           00352 Keypad0                 clrf    PORTB, A
00029A 8681           00353                                 bsf             PORTB, 3, A
00029C B881           00354                                 btfsc   PORTB, 4, A
00029E D???           00355                                 Bra             Number0
0002A0 6A83           00356                                 clrf    PORTD, A
                      00357 
0002A2 6A81           00358 KeypadA                 clrf    PORTB, A
0002A4 8681           00359                                 bsf             PORTB, 3, A
0002A6 BA81           00360                                 btfsc   PORTB, 5, A
0002A8 D???           00361                                 Bra             Asterisk
MPASM  5.51                            MP.ASM   11-27-2020  23:27:02         PAGE  9


LOC  OBJECT CODE     LINE SOURCE TEXT
  VALUE

0002AA 6A83           00362                                 clrf    PORTD, A
                      00363 
0002AC 6A81           00364 KeypadH                 clrf    PORTB, A
0002AE 8681           00365                                 bsf             PORTB, 3, A
0002B0 BC81           00366                                 btfsc   PORTB, 6, A
0002B2 D???           00367                                 Bra             Hashtag
0002B4 6A83           00368                                 clrf    PORTD, A
                      00369 
0002B6 0000           00370                                 nop 
                      00371                                 end
MPASM  5.51                            MP.ASM   11-27-2020  23:27:02         PAGE 10


SYMBOL TABLE
  LABEL                             VALUE 

A                                 00000000
ABDEN                             00000000
ABDOVF                            00000007
ACCESS                            00000000
ACKDT                             00000005
ACKEN                             00000004
ACKSTAT                           00000006
ACQT0                             00000003
ACQT1                             00000004
ACQT2                             00000005
ACTVIE                            00000002
ACTVIF                            00000002
ADCON0                            00000FC2
ADCON1                            00000FC1
ADCON2                            00000FC0
ADCS0                             00000000
ADCS1                             00000001
ADCS2                             00000002
ADDEN                             00000003
ADDR0                             00000000
ADDR1                             00000001
ADDR2                             00000002
ADDR3                             00000003
ADDR4                             00000004
ADDR5                             00000005
ADDR6                             00000006
ADEN                              00000003
ADFM                              00000007
ADIE                              00000006
ADIF                              00000006
ADIP                              00000006
ADON                              00000000
ADRES                             00000FC3
ADRESH                            00000FC4
ADRESL                            00000FC3
AN0                               00000000
AN1                               00000001
AN2                               00000002
AN3                               00000003
AN4                               00000005
Again                             0000001E
Again1                            00000022
Asterisk                          000001D0
BANKED                            00000001
BAUDCON                           00000FB8
BAUDCTL                           00000FB8
BCLIE                             00000003
BCLIF                             00000003
BCLIP                             00000003
BF                                00000000
BGST                              00000005
BOR                               00000000
BRG16                             00000003
MPASM  5.51                            MP.ASM   11-27-2020  23:27:02         PAGE 11


SYMBOL TABLE
  LABEL                             VALUE 

BRGH                              00000002
BSR                               00000FE0
BTOEE                             00000004
BTOEF                             00000004
BTSEE                             00000007
BTSEF                             00000007
C                                 00000000
C1INV                             00000004
C1OUT                             00000006
C2INV                             00000005
C2OUT                             00000007
CCP1                              00000002
CCP1AS                            00000FB6
CCP1CON                           00000FBD
CCP1DEL                           00000FB7
CCP1IE                            00000002
CCP1IF                            00000002
CCP1IP                            00000002
CCP1M0                            00000000
CCP1M1                            00000001
CCP1M2                            00000002
CCP1M3                            00000003
CCP2CON                           00000FBA
CCP2IE                            00000000
CCP2IF                            00000000
CCP2IP                            00000000
CCP2M0                            00000000
CCP2M1                            00000001
CCP2M2                            00000002
CCP2M3                            00000003
CCPR1                             00000FBE
CCPR1H                            00000FBF
CCPR1L                            00000FBE
CCPR2                             00000FBB
CCPR2H                            00000FBC
CCPR2L                            00000FBB
CFGS                              00000006
CHS0                              00000002
CHS1                              00000003
CHS2                              00000004
CHS3                              00000005
CIS                               00000003
CK                                00000006
CK1SPP                            00000000
CK2SPP                            00000001
CKE                               00000006
CKP                               00000004
CLK1EN                            00000004
CLKCFG0                           00000006
CLKCFG1                           00000007
CM0                               00000000
CM1                               00000001
CM2                               00000002
MPASM  5.51                            MP.ASM   11-27-2020  23:27:02         PAGE 12


SYMBOL TABLE
  LABEL                             VALUE 

CMCON                             00000FB4
CMIE                              00000006
CMIF                              00000006
CMIP                              00000006
CRC16EE                           00000002
CRC16EF                           00000002
CRC5EE                            00000001
CRC5EF                            00000001
CREN                              00000004
CSEN                              00000005
CSRC                              00000007
CVR0                              00000000
CVR1                              00000001
CVR2                              00000002
CVR3                              00000003
CVRCON                            00000FB5
CVREF                             00000004
CVREN                             00000007
CVROE                             00000006
CVRR                              00000005
CVRSS                             00000004
Check1                            0000022E
Check2                            00000236
ConfiCom                          00000050
D                                 00000005
DATA_ADDRESS                      00000005
DC                                00000001
DC1B0                             00000004
DC1B1                             00000005
DC2B0                             00000004
DC2B1                             00000005
DDRA                              TRISA
DDRB                              TRISB
DDRC                              TRISC
DDRD                              TRISD
DDRE                              TRISE
DFN8EE                            00000003
DFN8EF                            00000003
DIR                               00000002
DONE                              00000001
D_A                               00000005
D_NOT_A                           00000005
Delay                             0000001A
ECCP1AS                           00000FB6
ECCP1CON                          00000FBD
ECCP1DEL                          00000FB7
ECCPAS0                           00000004
ECCPAS1                           00000005
ECCPAS2                           00000006
ECCPASE                           00000007
EEADR                             00000FA9
EECON1                            00000FA6
EECON2                            00000FA7
MPASM  5.51                            MP.ASM   11-27-2020  23:27:02         PAGE 13


SYMBOL TABLE
  LABEL                             VALUE 

EEDATA                            00000FA8
EEIE                              00000004
EEIF                              00000004
EEIP                              00000004
EEPGD                             00000007
ENDP0                             00000003
ENDP1                             00000004
ENDP2                             00000005
ENDP3                             00000006
EPCONDIS                          00000003
EPHSHK                            00000004
EPINEN                            00000001
EPOUTEN                           00000002
EPSTALL                           00000000
FAST                              00000001
FERR                              00000002
FLTS                              00000002
FREE                              00000004
FRM0                              00000000
FRM1                              00000001
FRM10                             00000002
FRM2                              00000002
FRM3                              00000003
FRM4                              00000004
FRM5                              00000005
FRM6                              00000006
FRM7                              00000007
FRM8                              00000000
FRM9                              00000001
FSEN                              00000002
FSR0                              00000000
FSR0H                             00000FEA
FSR0L                             00000FE9
FSR1                              00000001
FSR1H                             00000FE2
FSR1L                             00000FE1
FSR2                              00000002
FSR2H                             00000FDA
FSR2L                             00000FD9
GCEN                              00000007
GIE                               00000007
GIEH                              00000007
GIEL                              00000006
GIE_GIEH                          00000007
GO                                00000001
GO_DONE                           00000001
GO_NOT_DONE                       00000001
HLVDCON                           00000FD2
HLVDEN                            00000004
HLVDIE                            00000002
HLVDIF                            00000002
HLVDIN                            00000005
HLVDIP                            00000002
MPASM  5.51                            MP.ASM   11-27-2020  23:27:02         PAGE 14


SYMBOL TABLE
  LABEL                             VALUE 

HLVDL0                            00000000
HLVDL1                            00000001
HLVDL2                            00000002
HLVDL3                            00000003
Hashtag                           000001E4
I2C_DAT                           00000005
I2C_READ                          00000002
I2C_START                         00000003
I2C_STOP                          00000004
IDLEIE                            00000004
IDLEIF                            00000004
IDLEN                             00000007
INDF0                             00000FEF
INDF1                             00000FE7
INDF2                             00000FDF
INT0                              00000000
INT0E                             00000004
INT0F                             00000001
INT0IE                            00000004
INT0IF                            00000001
INT1                              00000001
INT1E                             00000003
INT1F                             00000000
INT1IE                            00000003
INT1IF                            00000000
INT1IP                            00000006
INT1P                             00000006
INT2                              00000002
INT2E                             00000004
INT2F                             00000001
INT2IE                            00000004
INT2IF                            00000001
INT2IP                            00000007
INT2P                             00000007
INTCON                            00000FF2
INTCON2                           00000FF1
INTCON3                           00000FF0
INTEDG0                           00000006
INTEDG1                           00000005
INTEDG2                           00000004
INTSRC                            00000007
IOFS                              00000002
IPEN                              00000007
IPR1                              00000F9F
IPR2                              00000FA2
IRCF0                             00000004
IRCF1                             00000005
IRCF2                             00000006
IRVST                             00000005
IVRST                             00000005
Keypad0                           00000298
Keypad1                           0000023E
Keypad2                           00000248
MPASM  5.51                            MP.ASM   11-27-2020  23:27:02         PAGE 15


SYMBOL TABLE
  LABEL                             VALUE 

Keypad3                           00000252
Keypad4                           0000025C
Keypad5                           00000266
Keypad6                           00000270
Keypad7                           0000027A
Keypad8                           00000284
Keypad9                           0000028E
KeypadA                           000002A2
KeypadH                           000002AC
LATA                              00000F89
LATA0                             00000000
LATA1                             00000001
LATA2                             00000002
LATA3                             00000003
LATA4                             00000004
LATA5                             00000005
LATA6                             00000006
LATB                              00000F8A
LATB0                             00000000
LATB1                             00000001
LATB2                             00000002
LATB3                             00000003
LATB4                             00000004
LATB5                             00000005
LATB6                             00000006
LATB7                             00000007
LATC                              00000F8B
LATC0                             00000000
LATC1                             00000001
LATC2                             00000002
LATC6                             00000006
LATC7                             00000007
LATD                              00000F8C
LATD0                             00000000
LATD1                             00000001
LATD2                             00000002
LATD3                             00000003
LATD4                             00000004
LATD5                             00000005
LATD6                             00000006
LATD7                             00000007
LATE                              00000F8D
LATE0                             00000000
LATE1                             00000001
LATE2                             00000002
LVDCON                            00000FD2
LVDEN                             00000004
LVDIE                             00000002
LVDIF                             00000002
LVDIN                             00000005
LVDIP                             00000002
LVDL0                             00000000
LVDL1                             00000001
MPASM  5.51                            MP.ASM   11-27-2020  23:27:02         PAGE 16


SYMBOL TABLE
  LABEL                             VALUE 

LVDL2                             00000002
LVDL3                             00000003
LVV0                              00000000
LVV1                              00000001
LVV2                              00000002
LVV3                              00000003
N                                 00000004
NOT_A                             00000005
NOT_ADDRESS                       00000005
NOT_BOR                           00000000
NOT_DONE                          00000001
NOT_IPEN                          00000007
NOT_PD                            00000002
NOT_POR                           00000001
NOT_RBPU                          00000007
NOT_RI                            00000004
NOT_T1SYNC                        00000002
NOT_T3SYNC                        00000002
NOT_TO                            00000003
NOT_W                             00000002
NOT_WRITE                         00000002
Number0                           000001BC
Number1                           00000108
Number2                           0000011C
Number3                           00000130
Number4                           00000144
Number5                           00000158
Number6                           0000016C
Number7                           00000180
Number8                           00000194
Number9                           000001A8
OERR                              00000001
OESPP                             00000002
OSC2                              00000006
OSCCON                            00000FD3
OSCFIE                            00000007
OSCFIF                            00000007
OSCFIP                            00000007
OSCTUNE                           00000F9B
OSTS                              00000003
OV                                00000003
P                                 00000004
P1A                               00000002
P1M0                              00000006
P1M1                              00000007
PC                                00000FF9
PCFG0                             00000000
PCFG1                             00000001
PCFG2                             00000002
PCFG3                             00000003
PCL                               00000FF9
PCLATH                            00000FFA
PCLATU                            00000FFB
MPASM  5.51                            MP.ASM   11-27-2020  23:27:02         PAGE 17


SYMBOL TABLE
  LABEL                             VALUE 

PD                                00000002
PDC0                              00000000
PDC1                              00000001
PDC2                              00000002
PDC3                              00000003
PDC4                              00000004
PDC5                              00000005
PDC6                              00000006
PEIE                              00000006
PEIE_GIEL                         00000006
PEN                               00000002
PGC                               00000006
PGD                               00000007
PGM                               00000005
PIDEE                             00000000
PIDEF                             00000000
PIE1                              00000F9D
PIE2                              00000FA0
PIR1                              00000F9E
PIR2                              00000FA1
PKTDIS                            00000004
PLUSW0                            00000FEB
PLUSW1                            00000FE3
PLUSW2                            00000FDB
POR                               00000001
PORTA                             00000F80
PORTB                             00000F81
PORTC                             00000F82
PORTD                             00000F83
PORTE                             00000F84
POSTDEC0                          00000FED
POSTDEC1                          00000FE5
POSTDEC2                          00000FDD
POSTINC0                          00000FEE
POSTINC1                          00000FE6
POSTINC2                          00000FDE
PPB0                              00000000
PPB1                              00000001
PPBI                              00000001
PPBRST                            00000006
PR2                               00000FCB
PREINC0                           00000FEC
PREINC1                           00000FE4
PREINC2                           00000FDC
PROD                              00000FF3
PRODH                             00000FF4
PRODL                             00000FF3
PRSEN                             00000007
PSA                               00000003
PSSAC0                            00000002
PSSAC1                            00000003
PSSBD0                            00000000
PSSBD1                            00000001
MPASM  5.51                            MP.ASM   11-27-2020  23:27:02         PAGE 18


SYMBOL TABLE
  LABEL                             VALUE 

R                                 00000002
RA0                               00000000
RA1                               00000001
RA2                               00000002
RA3                               00000003
RA4                               00000004
RA5                               00000005
RA6                               00000006
RB0                               00000000
RB1                               00000001
RB2                               00000002
RB3                               00000003
RB4                               00000004
RB5                               00000005
RB6                               00000006
RB7                               00000007
RBIE                              00000003
RBIF                              00000000
RBIP                              00000000
RBPU                              00000007
RC0                               00000000
RC1                               00000001
RC2                               00000002
RC4                               00000004
RC5                               00000005
RC6                               00000006
RC7                               00000007
RCEN                              00000003
RCIDL                             00000006
RCIE                              00000005
RCIF                              00000005
RCIP                              00000005
RCMT                              00000006
RCON                              00000FD0
RCREG                             00000FAE
RCSTA                             00000FAB
RD                                00000000
RD0                               00000000
RD1                               00000001
RD16                              00000007
RD2                               00000002
RD3                               00000003
RD4                               00000004
RD5                               00000005
RD6                               00000006
RD7                               00000007
RDPU                              00000007
RDSPP                             00000007
RE0                               00000000
RE1                               00000001
RE2                               00000002
RE3                               00000003
READ_WRITE                        00000002
MPASM  5.51                            MP.ASM   11-27-2020  23:27:02         PAGE 19


SYMBOL TABLE
  LABEL                             VALUE 

RESUME                            00000002
RI                                00000004
RSEN                              00000001
RX                                00000007
RX9                               00000006
RX9D                              00000000
RXDTP                             00000005
R_NOT_W                           00000002
R_W                               00000002
S                                 00000003
SBOREN                            00000006
SCKP                              00000004
SCS0                              00000000
SCS1                              00000001
SE0                               00000005
SEN                               00000000
SENDB                             00000003
SMP                               00000007
SOFIE                             00000006
SOFIF                             00000006
SPBRG                             00000FAF
SPBRGH                            00000FB0
SPEN                              00000007
SPP0                              00000000
SPP1                              00000001
SPP2                              00000002
SPP3                              00000003
SPP4                              00000004
SPP5                              00000005
SPP6                              00000006
SPP7                              00000007
SPPBUSY                           00000004
SPPCFG                            00000F63
SPPCON                            00000F65
SPPDATA                           00000F62
SPPEN                             00000000
SPPEPS                            00000F64
SPPIE                             00000007
SPPIF                             00000007
SPPIP                             00000007
SPPOWN                            00000001
SREN                              00000005
SSPADD                            00000FC8
SSPBUF                            00000FC9
SSPCON1                           00000FC6
SSPCON2                           00000FC5
SSPEN                             00000005
SSPIE                             00000003
SSPIF                             00000003
SSPIP                             00000003
SSPM0                             00000000
SSPM1                             00000001
SSPM2                             00000002
MPASM  5.51                            MP.ASM   11-27-2020  23:27:02         PAGE 20


SYMBOL TABLE
  LABEL                             VALUE 

SSPM3                             00000003
SSPOV                             00000006
SSPSTAT                           00000FC7
STALLIE                           00000005
STALLIF                           00000005
STATUS                            00000FD8
STKFUL                            00000007
STKOVF                            00000007
STKPTR                            00000FFC
STKPTR0                           00000000
STKPTR1                           00000001
STKPTR2                           00000002
STKPTR3                           00000003
STKPTR4                           00000004
STKUNF                            00000006
SUSPND                            00000001
SWDTE                             00000000
SWDTEN                            00000000
SYNC                              00000004
SendData                          0000005E
T08BIT                            00000006
T0CKI                             00000004
T0CON                             00000FD5
T0CS                              00000005
T0IE                              00000005
T0IF                              00000002
T0IP                              00000002
T0PS0                             00000000
T0PS1                             00000001
T0PS2                             00000002
T0SE                              00000004
T13CKI                            00000000
T1CKPS0                           00000004
T1CKPS1                           00000005
T1CON                             00000FCD
T1OSCEN                           00000003
T1OSI                             00000001
T1OSO                             00000000
T1RUN                             00000006
T1SYNC                            00000002
T2CKPS0                           00000000
T2CKPS1                           00000001
T2CON                             00000FCA
T2OUTPS0                          00000003
T2OUTPS1                          00000004
T2OUTPS2                          00000005
T2OUTPS3                          00000006
T3CCP1                            00000003
T3CCP2                            00000006
T3CKPS0                           00000004
T3CKPS1                           00000005
T3CON                             00000FB1
T3NSYNC                           00000002
MPASM  5.51                            MP.ASM   11-27-2020  23:27:02         PAGE 21


SYMBOL TABLE
  LABEL                             VALUE 

T3SYNC                            00000002
TABLAT                            00000FF5
TBLPTR                            00000FF6
TBLPTRH                           00000FF7
TBLPTRL                           00000FF6
TBLPTRU                           00000FF8
TMR0                              00000FD6
TMR0H                             00000FD7
TMR0IE                            00000005
TMR0IF                            00000002
TMR0IP                            00000002
TMR0L                             00000FD6
TMR0ON                            00000007
TMR1                              00000FCE
TMR1CS                            00000001
TMR1H                             00000FCF
TMR1IE                            00000000
TMR1IF                            00000000
TMR1IP                            00000000
TMR1L                             00000FCE
TMR1ON                            00000000
TMR2                              00000FCC
TMR2IE                            00000001
TMR2IF                            00000001
TMR2IP                            00000001
TMR2ON                            00000002
TMR3                              00000FB2
TMR3CS                            00000001
TMR3H                             00000FB3
TMR3IE                            00000001
TMR3IF                            00000001
TMR3IP                            00000001
TMR3L                             00000FB2
TMR3ON                            00000000
TO                                00000003
TOS                               00000FFD
TOSH                              00000FFE
TOSL                              00000FFD
TOSU                              00000FFF
TOUTPS0                           00000003
TOUTPS1                           00000004
TOUTPS2                           00000005
TOUTPS3                           00000006
TRISA                             00000F92
TRISA0                            00000000
TRISA1                            00000001
TRISA2                            00000002
TRISA3                            00000003
TRISA4                            00000004
TRISA5                            00000005
TRISA6                            00000006
TRISB                             00000F93
TRISB0                            00000000
MPASM  5.51                            MP.ASM   11-27-2020  23:27:02         PAGE 22


SYMBOL TABLE
  LABEL                             VALUE 

TRISB1                            00000001
TRISB2                            00000002
TRISB3                            00000003
TRISB4                            00000004
TRISB5                            00000005
TRISB6                            00000006
TRISB7                            00000007
TRISC                             00000F94
TRISC0                            00000000
TRISC1                            00000001
TRISC2                            00000002
TRISC6                            00000006
TRISC7                            00000007
TRISD                             00000F95
TRISD0                            00000000
TRISD1                            00000001
TRISD2                            00000002
TRISD3                            00000003
TRISD4                            00000004
TRISD5                            00000005
TRISD6                            00000006
TRISD7                            00000007
TRISE                             00000F96
TRISE0                            00000000
TRISE1                            00000001
TRISE2                            00000002
TRMT                              00000001
TRNIE                             00000003
TRNIF                             00000003
TUN0                              00000000
TUN1                              00000001
TUN2                              00000002
TUN3                              00000003
TUN4                              00000004
TX                                00000006
TX9                               00000006
TX9D                              00000000
TXCKP                             00000004
TXEN                              00000005
TXIE                              00000004
TXIF                              00000004
TXIP                              00000004
TXREG                             00000FAD
TXSTA                             00000FAC
UA                                00000001
UADDR                             00000F6E
UCFG                              00000F6F
UCON                              00000F6D
UEIE                              00000F6B
UEIR                              00000F6A
UEP0                              00000F70
UEP1                              00000F71
UEP10                             00000F7A
MPASM  5.51                            MP.ASM   11-27-2020  23:27:02         PAGE 23


SYMBOL TABLE
  LABEL                             VALUE 

UEP11                             00000F7B
UEP12                             00000F7C
UEP13                             00000F7D
UEP14                             00000F7E
UEP15                             00000F7F
UEP2                              00000F72
UEP3                              00000F73
UEP4                              00000F74
UEP5                              00000F75
UEP6                              00000F76
UEP7                              00000F77
UEP8                              00000F78
UEP9                              00000F79
UERRIE                            00000001
UERRIF                            00000001
UFRM                              00000F66
UFRMH                             00000F67
UFRML                             00000F66
UIE                               00000F69
UIR                               00000F68
UOEMON                            00000006
UPUEN                             00000004
URSTIE                            00000000
URSTIF                            00000000
USBEN                             00000003
USBIE                             00000005
USBIF                             00000005
USBIP                             00000005
USTAT                             00000F6C
UTEYE                             00000007
UTRDIS                            00000003
VCFG0                             00000004
VCFG1                             00000005
VDIRMAG                           00000007
VREFM                             00000002
VREFP                             00000003
W                                 00000000
WCOL                              00000007
WDTCON                            00000FD1
WR                                00000001
WREG                              00000FE8
WREN                              00000002
WRERR                             00000003
WRSPP                             00000006
WS0                               00000000
WS1                               00000001
WS2                               00000002
WS3                               00000003
WUE                               00000001
YWY                               0000006C
YWYSI                             000000CE
Z                                 00000002
_BORV_0_2L                        000000E7
MPASM  5.51                            MP.ASM   11-27-2020  23:27:02         PAGE 24


SYMBOL TABLE
  LABEL                             VALUE 

_BORV_1_2L                        000000EF
_BORV_2_2L                        000000F7
_BORV_3_2L                        000000FF
_BOR_OFF_2L                       000000F9
_BOR_ON_2L                        000000FF
_BOR_ON_ACTIVE_2L                 000000FD
_BOR_SOFT_2L                      000000FB
_CCP2MX_OFF_3H                    000000FE
_CCP2MX_ON_3H                     000000FF
_CONFIG1H                         00300001
_CONFIG1L                         00300000
_CONFIG2H                         00300003
_CONFIG2L                         00300002
_CONFIG3H                         00300005
_CONFIG4L                         00300006
_CONFIG5H                         00300009
_CONFIG5L                         00300008
_CONFIG6H                         0030000B
_CONFIG6L                         0030000A
_CONFIG7H                         0030000D
_CONFIG7L                         0030000C
_CP0_OFF_5L                       000000FF
_CP0_ON_5L                        000000FE
_CP1_OFF_5L                       000000FF
_CP1_ON_5L                        000000FD
_CP2_OFF_5L                       000000FF
_CP2_ON_5L                        000000FB
_CP3_OFF_5L                       000000FF
_CP3_ON_5L                        000000F7
_CPB_OFF_5H                       000000FF
_CPB_ON_5H                        000000BF
_CPD_OFF_5H                       000000FF
_CPD_ON_5H                        0000007F
_CPUDIV_OSC1_PLL2_1L              000000E7
_CPUDIV_OSC2_PLL3_1L              000000EF
_CPUDIV_OSC3_PLL4_1L              000000F7
_CPUDIV_OSC4_PLL6_1L              000000FF
_DEBUG_OFF_4L                     000000FF
_DEBUG_ON_4L                      0000007F
_DEVID1                           003FFFFE
_DEVID2                           003FFFFF
_EBTR0_OFF_7L                     000000FF
_EBTR0_ON_7L                      000000FE
_EBTR1_OFF_7L                     000000FF
_EBTR1_ON_7L                      000000FD
_EBTR2_OFF_7L                     000000FF
_EBTR2_ON_7L                      000000FB
_EBTR3_OFF_7L                     000000FF
_EBTR3_ON_7L                      000000F7
_EBTRB_OFF_7H                     000000FF
_EBTRB_ON_7H                      000000BF
_FCMEN_OFF_1H                     000000BF
_FCMEN_ON_1H                      000000FF
MPASM  5.51                            MP.ASM   11-27-2020  23:27:02         PAGE 25


SYMBOL TABLE
  LABEL                             VALUE 

_FOSC_ECIO_EC_1H                  000000F4
_FOSC_ECPLLIO_EC_1H               000000F6
_FOSC_ECPLL_EC_1H                 000000F7
_FOSC_EC_EC_1H                    000000F5
_FOSC_HSPLL_HS_1H                 000000FE
_FOSC_HS_1H                       000000FC
_FOSC_INTOSCIO_EC_1H              000000F8
_FOSC_INTOSC_EC_1H                000000F9
_FOSC_INTOSC_HS_1H                000000FB
_FOSC_INTOSC_XT_1H                000000FA
_FOSC_XTPLL_XT_1H                 000000F2
_FOSC_XT_XT_1H                    000000F0
_ICPRT_OFF_4L                     000000DF
_ICPRT_ON_4L                      000000FF
_IDLOC0                           00200000
_IDLOC1                           00200001
_IDLOC2                           00200002
_IDLOC3                           00200003
_IDLOC4                           00200004
_IDLOC5                           00200005
_IDLOC6                           00200006
_IDLOC7                           00200007
_IESO_OFF_1H                      0000007F
_IESO_ON_1H                       000000FF
_LPT1OSC_OFF_3H                   000000FB
_LPT1OSC_ON_3H                    000000FF
_LVP_OFF_4L                       000000FB
_LVP_ON_4L                        000000FF
_MCLRE_OFF_3H                     0000007F
_MCLRE_ON_3H                      000000FF
_PBADEN_OFF_3H                    000000FD
_PBADEN_ON_3H                     000000FF
_PLLDIV_10_1L                     000000FE
_PLLDIV_12_1L                     000000FF
_PLLDIV_1_1L                      000000F8
_PLLDIV_2_1L                      000000F9
_PLLDIV_3_1L                      000000FA
_PLLDIV_4_1L                      000000FB
_PLLDIV_5_1L                      000000FC
_PLLDIV_6_1L                      000000FD
_PWRT_OFF_2L                      000000FF
_PWRT_ON_2L                       000000FE
_STVREN_OFF_4L                    000000FE
_STVREN_ON_4L                     000000FF
_USBDIV_1_1L                      000000DF
_USBDIV_2_1L                      000000FF
_VREGEN_OFF_2L                    000000DF
_VREGEN_ON_2L                     000000FF
_WDTPS_1024_2H                    000000F5
_WDTPS_128_2H                     000000EF
_WDTPS_16384_2H                   000000FD
_WDTPS_16_2H                      000000E9
_WDTPS_1_2H                       000000E1
MPASM  5.51                            MP.ASM   11-27-2020  23:27:02         PAGE 26


SYMBOL TABLE
  LABEL                             VALUE 

_WDTPS_2048_2H                    000000F7
_WDTPS_256_2H                     000000F1
_WDTPS_2_2H                       000000E3
_WDTPS_32768_2H                   000000FF
_WDTPS_32_2H                      000000EB
_WDTPS_4096_2H                    000000F9
_WDTPS_4_2H                       000000E5
_WDTPS_512_2H                     000000F3
_WDTPS_64_2H                      000000ED
_WDTPS_8192_2H                    000000FB
_WDTPS_8_2H                       000000E7
_WDT_OFF_2H                       000000FE
_WDT_ON_2H                        000000FF
_WRT0_OFF_6L                      000000FF
_WRT0_ON_6L                       000000FE
_WRT1_OFF_6L                      000000FF
_WRT1_ON_6L                       000000FD
_WRT2_OFF_6L                      000000FF
_WRT2_ON_6L                       000000FB
_WRT3_OFF_6L                      000000FF
_WRT3_ON_6L                       000000F7
_WRTB_OFF_6H                      000000FF
_WRTB_ON_6H                       000000BF
_WRTC_OFF_6H                      000000FF
_WRTC_ON_6H                       000000DF
_WRTD_OFF_6H                      000000FF
_WRTD_ON_6H                       0000007F
_XINST_OFF_4L                     000000BF
_XINST_ON_4L                      000000FF
__18F4550                         00000001
__DEBUG                           1
dup_nop                           
i                                 00000011
loop_cnt1                         00000000
loop_cnt2                         00000001
start                             000001F8

Errors   :     0
Warnings :     0 reported,     0 suppressed
Messages :     0 reported,     0 suppressed

